<?xml version="1.0" encoding="UTF-8"?>
<testng-results ignored="0" total="1" passed="1" failed="0" skipped="0">
  <reporter-output>
  </reporter-output>
  <suite started-at="2023-10-17T12:48:19 IST" name="Default suite" finished-at="2023-10-17T12:51:00 IST" duration-ms="160854">
    <groups>
    </groups>
    <test started-at="2023-10-17T12:48:19 IST" name="Default test" finished-at="2023-10-17T12:51:00 IST" duration-ms="160854">
      <class name="test.saucedemo">
        <test-method is-config="true" signature="btest()[pri:0, instance:test.saucedemo@6404f418]" started-at="2023-10-17T12:48:19 IST" name="btest" finished-at="2023-10-17T12:50:40 IST" duration-ms="140871" status="PASS">
          <reporter-output>
          </reporter-output>
        </test-method> <!-- btest -->
        <test-method signature="test()[pri:0, instance:test.saucedemo@6404f418]" started-at="2023-10-17T12:50:40 IST" name="test" finished-at="2023-10-17T12:51:00 IST" duration-ms="19593" status="PASS">
          <reporter-output>
          </reporter-output>
        </test-method> <!-- test -->
      </class> <!-- test.saucedemo -->
    </test> <!-- Default test -->
  </suite> <!-- Default suite -->
</testng-results>
